forest; INFO: Best parameters: {'bootstrap': True, 'max_depth': 10, 'max_features': 'auto', 'min_samples_leaf': 3, 'min_samples_split': 8, 'n_estimators': 100}
forest; INFO: Best parameters: {'bootstrap': True, 'max_depth': 10, 'max_features': 'auto', 'min_samples_leaf': 3, 'min_samples_split': 8, 'n_estimators': 100}
forest; INFO: Best estimator:
RandomForestClassifier(max_depth=10, min_samples_leaf=3, min_samples_split=8,
                       random_state=20)
forest; INFO: Best estimator:
RandomForestClassifier(max_depth=10, min_samples_leaf=3, min_samples_split=8,
                       random_state=20)
forest; INFO: Training set score = 0.8780487804878048
forest; INFO: Training set score = 0.8780487804878048
forest; INFO: Testing set score = 0.80
forest; INFO: Testing set score = 0.80
forest; INFO: Area under ROC = 0.8333333333333333
forest; INFO: Area under ROC = 0.8333333333333333
forest; DEBUG: score = 0.8
forest; DEBUG: score = 0.8
forest; DEBUG: score = (0.7619047619047619, 0.7692307692307693, 0.7730769230769231, 0.7692307692307693, 0.7664335664335664, 0.0781252384185791)
forest; DEBUG: score = (0.65, 0.6153846153846154, 0.6846153846153846, 0.6153846153846154, 0.6153846153846154, 0.0781867504119873)
forest; DEBUG: score = (0.5476190476190477, 0.5384615384615384, 0.5538461538461539, 0.5384615384615384, 0.532967032967033, 0.06254220008850098)
forest; DEBUG: score = (0.6875, 0.6153846153846154, 0.8076923076923077, 0.6153846153846154, 0.592074592074592, 0.06250381469726562)
forest; DEBUG: score = (0.5166666666666667, 0.6153846153846154, 0.6559829059829061, 0.6153846153846154, 0.6327356853672642, 0.07811594009399414)
forest; DEBUG: score = (0.7619047619047619, 0.7692307692307693, 0.7730769230769231, 0.7692307692307693, 0.7664335664335664, 0.06256890296936035)
forest; DEBUG: score = (0.7, 0.7692307692307693, 0.8321678321678322, 0.7692307692307693, 0.7379988432620012, 0.06249737739562988)
forest; DEBUG: score = (0.6500000000000001, 0.6153846153846154, 0.6846153846153846, 0.6153846153846154, 0.6153846153846154, 0.07817959785461426)
forest; DEBUG: score = (0.7023809523809523, 0.6923076923076923, 0.7192307692307693, 0.6923076923076923, 0.6886446886446886, 0.06248188018798828)
forest; DEBUG: score = (0.775, 0.7692307692307693, 0.7838827838827839, 0.7692307692307693, 0.7720279720279719, 0.07816123962402344)
forest; DEBUG: score = (0.9285714285714286, 0.9230769230769231, 0.9340659340659341, 0.9230769230769231, 0.9230769230769231, 0.06245589256286621)
forest; DEBUG: score = (0.6071428571428571, 0.6153846153846154, 0.6134615384615384, 0.6153846153846154, 0.6107226107226107, 0.0625162124633789)
forest; DEBUG: score = (0.6527777777777778, 0.6153846153846154, 0.7087912087912087, 0.6153846153846154, 0.6293706293706295, 0.06254959106445312)
forest; DEBUG: score = (0.75, 0.6923076923076923, 0.8290598290598291, 0.6923076923076923, 0.684981684981685, 0.07814455032348633)
forest; DEBUG: score = (0.6666666666666666, 0.5384615384615384, 0.8153846153846154, 0.5384615384615384, 0.521978021978022, 0.0624995231628418)
forest; DEBUG: score = (0.85, 0.7692307692307693, 0.8846153846153846, 0.7692307692307693, 0.7873303167420814, 0.07813262939453125)
forest; DEBUG: score = (0.6527777777777778, 0.6153846153846154, 0.7087912087912087, 0.6153846153846154, 0.6293706293706295, 0.06255221366882324)
forest; DEBUG: score = (0.875, 0.8461538461538461, 0.8901098901098901, 0.8461538461538461, 0.8479853479853479, 0.07802343368530273)
forest; DEBUG: score = (0.6125, 0.6153846153846154, 0.631868131868132, 0.6153846153846154, 0.62004662004662, 0.06252479553222656)
forest; DEBUG: score = (0.6190476190476191, 0.6153846153846154, 0.6227106227106227, 0.6153846153846154, 0.6153846153846153, 0.0625302791595459)
forest; DEBUG: score = (0.9375, 0.9230769230769231, 0.935897435897436, 0.9230769230769231, 0.924009324009324, 0.07809782028198242)
forest; DEBUG: score = (0.773809523809524, 0.7692307692307693, 0.7783882783882785, 0.7692307692307693, 0.7692307692307693, 0.06255197525024414)
forest; DEBUG: score = (0.6309523809523809, 0.6153846153846154, 0.6602564102564104, 0.6153846153846154, 0.6013986013986015, 0.06250166893005371)
forest; DEBUG: score = (0.6125, 0.6153846153846154, 0.631868131868132, 0.6153846153846154, 0.62004662004662, 0.062455177307128906)
forest; DEBUG: score = (0.773809523809524, 0.7692307692307693, 0.7783882783882785, 0.7692307692307693, 0.7692307692307693, 0.0781259536743164)
forest; DEBUG: score = (0.7375, 0.7692307692307693, 0.767094017094017, 0.7692307692307693, 0.7631975867269986, 0.09377717971801758)
forest; DEBUG: score = (0.6785714285714286, 0.6923076923076923, 0.7051282051282051, 0.6923076923076923, 0.6807692307692308, 0.07812333106994629)
forest; DEBUG: score = (0.7083333333333334, 0.6923076923076923, 0.7472527472527472, 0.6923076923076923, 0.7038461538461539, 0.07812213897705078)
forest; DEBUG: score = (0.773809523809524, 0.7692307692307693, 0.7783882783882785, 0.7692307692307693, 0.7692307692307693, 0.09375357627868652)
forest; DEBUG: score = (0.6125, 0.6153846153846154, 0.631868131868132, 0.6153846153846154, 0.62004662004662, 0.07810044288635254)
forest; DEBUG: score = (0.8, 0.8461538461538461, 0.8769230769230769, 0.8461538461538461, 0.8354700854700854, 0.07813096046447754)
forest; DEBUG: score = (0.7023809523809523, 0.6923076923076923, 0.7192307692307693, 0.6923076923076923, 0.6886446886446886, 0.06246376037597656)
forest; DEBUG: score = (0.75, 0.6153846153846154, 0.8557692307692307, 0.6153846153846154, 0.6386946386946387, 0.078125)
forest; DEBUG: score = (0.8125, 0.7692307692307693, 0.8557692307692307, 0.7692307692307693, 0.7692307692307693, 0.07811951637268066)
forest; DEBUG: score = (0.75, 0.6923076923076923, 0.8290598290598291, 0.6923076923076923, 0.684981684981685, 0.06253552436828613)
forest; DEBUG: score = (0.8125, 0.7692307692307693, 0.8557692307692307, 0.7692307692307693, 0.7692307692307693, 0.07812333106994629)
forest; DEBUG: score = (0.7638888888888888, 0.7692307692307693, 0.7903846153846155, 0.7692307692307693, 0.77526395173454, 0.06250405311584473)
forest; DEBUG: score = (0.5125, 0.5384615384615384, 0.5384615384615384, 0.5384615384615384, 0.5384615384615384, 0.0781254768371582)
forest; DEBUG: score = (0.8125, 0.7692307692307693, 0.8557692307692307, 0.7692307692307693, 0.7692307692307693, 0.06250190734863281)
forest; DEBUG: score = (0.7375, 0.7692307692307693, 0.767094017094017, 0.7692307692307693, 0.7631975867269986, 0.062469482421875)
forest; DEBUG: score = (0.7125, 0.6923076923076923, 0.7326007326007326, 0.6923076923076923, 0.6959706959706959, 0.07815265655517578)
forest; DEBUG: score = (0.7222222222222222, 0.6153846153846154, 0.8290598290598291, 0.6153846153846154, 0.6153846153846152, 0.062499284744262695)
forest; DEBUG: score = (0.75, 0.6923076923076923, 0.8290598290598291, 0.6923076923076923, 0.684981684981685, 0.06246757507324219)
forest; DEBUG: score = (0.7619047619047619, 0.7692307692307693, 0.7730769230769231, 0.7692307692307693, 0.7664335664335664, 0.062499284744262695)
forest; DEBUG: score = (0.8375, 0.8461538461538461, 0.8461538461538461, 0.8461538461538461, 0.8461538461538461, 0.062471866607666016)
forest; DEBUG: score = (0.7375, 0.7692307692307693, 0.767094017094017, 0.7692307692307693, 0.7631975867269986, 0.06656312942504883)
forest; DEBUG: score = (0.7857142857142857, 0.7692307692307693, 0.8461538461538461, 0.7692307692307693, 0.7608391608391608, 0.07815384864807129)
forest; DEBUG: score = (0.773809523809524, 0.7692307692307693, 0.7783882783882785, 0.7692307692307693, 0.7692307692307693, 0.06246137619018555)
forest; DEBUG: score = (0.575, 0.6153846153846154, 0.6025641025641025, 0.6153846153846154, 0.6053293112116642, 0.07810282707214355)
forest; DEBUG: score = (0.6666666666666666, 0.6923076923076923, 0.804195804195804, 0.6923076923076923, 0.6495726495726496, 0.06246542930603027)
forest; DEBUG: score = (0.9166666666666667, 0.9230769230769231, 0.9326923076923077, 0.9230769230769231, 0.9221445221445221, 0.0625)
forest; DEBUG: score = (0.7142857142857143, 0.6923076923076923, 0.8153846153846154, 0.6923076923076923, 0.6692307692307692, 0.07813143730163574)
forest; DEBUG: score = (0.7619047619047619, 0.7692307692307693, 0.7730769230769231, 0.7692307692307693, 0.7664335664335664, 0.06252908706665039)
forest; DEBUG: score = (0.9, 0.9230769230769231, 0.9316239316239316, 0.9230769230769231, 0.9210658622423329, 0.07816004753112793)
forest; DEBUG: score = (0.7125, 0.6923076923076923, 0.7326007326007326, 0.6923076923076923, 0.6959706959706959, 0.06247687339782715)
forest; DEBUG: score = (0.511904761904762, 0.5384615384615384, 0.5244755244755245, 0.5384615384615384, 0.47435897435897434, 0.06250739097595215)
forest; DEBUG: score = (0.5952380952380952, 0.6153846153846154, 0.6307692307692307, 0.6153846153846154, 0.5852187028657616, 0.07803058624267578)
forest; DEBUG: score = (0.5357142857142857, 0.5384615384615384, 0.5384615384615384, 0.5384615384615384, 0.5384615384615384, 0.06250452995300293)
forest; DEBUG: score = (0.65, 0.6153846153846154, 0.6846153846153846, 0.6153846153846154, 0.6153846153846154, 0.07814145088195801)
forest; DEBUG: score = (0.7142857142857143, 0.6923076923076923, 0.8153846153846154, 0.6923076923076923, 0.6692307692307692, 0.06249499320983887)
forest; DEBUG: score = (0.8452380952380953, 0.8461538461538461, 0.8461538461538461, 0.8461538461538461, 0.8461538461538461, 0.06254196166992188)
forest; DEBUG: score = (0.525, 0.46153846153846156, 0.5641025641025641, 0.46153846153846156, 0.4289044289044289, 0.062496185302734375)
forest; DEBUG: score = (0.3875, 0.38461538461538464, 0.4175824175824176, 0.38461538461538464, 0.39194139194139194, 0.07810020446777344)
forest; DEBUG: score = (0.41666666666666663, 0.46153846153846156, 0.5879120879120879, 0.46153846153846156, 0.5037707390648566, 0.0625607967376709)
forest; DEBUG: score = (0.6527777777777778, 0.6153846153846154, 0.7087912087912087, 0.6153846153846154, 0.6293706293706295, 0.0781245231628418)
forest; DEBUG: score = (0.9285714285714286, 0.9230769230769231, 0.9340659340659341, 0.9230769230769231, 0.9230769230769231, 0.06252717971801758)
forest; DEBUG: score = (0.6071428571428572, 0.6153846153846154, 0.6134615384615384, 0.6153846153846154, 0.6107226107226107, 0.07812094688415527)
forest; DEBUG: score = (0.7083333333333334, 0.6923076923076923, 0.7472527472527472, 0.6923076923076923, 0.7038461538461539, 0.0780951976776123)
forest; DEBUG: score = (0.5499999999999999, 0.5384615384615384, 0.575091575091575, 0.5384615384615384, 0.543956043956044, 0.062445878982543945)
forest; DEBUG: score = (0.6125, 0.6153846153846154, 0.631868131868132, 0.6153846153846154, 0.62004662004662, 0.062497615814208984)
forest; DEBUG: score = (0.8571428571428572, 0.8461538461538461, 0.8846153846153846, 0.8461538461538461, 0.8443223443223442, 0.07815814018249512)
forest; DEBUG: score = (0.7023809523809523, 0.6923076923076923, 0.7192307692307693, 0.6923076923076923, 0.6886446886446886, 0.062487125396728516)
forest; DEBUG: score = (0.6309523809523809, 0.6153846153846154, 0.6602564102564104, 0.6153846153846154, 0.6013986013986015, 0.062530517578125)
forest; DEBUG: score = (0.75, 0.6923076923076923, 0.8290598290598291, 0.6923076923076923, 0.684981684981685, 0.07807755470275879)
forest; DEBUG: score = (0.5595238095238095, 0.5384615384615384, 0.5897435897435896, 0.5384615384615384, 0.5038461538461539, 0.06249666213989258)
forest; DEBUG: score = (0.6904761904761906, 0.6923076923076923, 0.6923076923076923, 0.6923076923076923, 0.6923076923076923, 0.0625755786895752)
forest; DEBUG: score = (0.7222222222222222, 0.6153846153846154, 0.8290598290598291, 0.6153846153846154, 0.6153846153846152, 0.07811832427978516)
forest; DEBUG: score = (0.5875, 0.5384615384615384, 0.6324786324786325, 0.5384615384615384, 0.5274725274725275, 0.07812881469726562)
forest; DEBUG: score = (0.55, 0.5384615384615384, 0.575091575091575, 0.5384615384615384, 0.543956043956044, 0.062496185302734375)
forest; DEBUG: score = (0.8333333333333333, 0.7692307692307693, 0.868131868131868, 0.7692307692307693, 0.7776223776223776, 0.07815694808959961)
forest; DEBUG: score = (0.638888888888889, 0.6923076923076923, 0.6923076923076923, 0.6923076923076923, 0.6923076923076923, 0.06252169609069824)
forest; DEBUG: score = (0.6904761904761906, 0.6923076923076923, 0.6923076923076923, 0.6923076923076923, 0.6923076923076923, 0.07813286781311035)
forest; DEBUG: score = (0.7619047619047619, 0.7692307692307693, 0.7730769230769231, 0.7692307692307693, 0.7664335664335664, 0.07812714576721191)
forest; DEBUG: score = (0.7125, 0.6923076923076923, 0.7326007326007326, 0.6923076923076923, 0.6959706959706959, 0.06247687339782715)
forest; DEBUG: score = (0.5875, 0.5384615384615384, 0.6324786324786325, 0.5384615384615384, 0.5274725274725275, 0.0781252384185791)
forest; DEBUG: score = (0.7375, 0.7692307692307693, 0.767094017094017, 0.7692307692307693, 0.7631975867269986, 0.06249833106994629)
forest; DEBUG: score = (0.6428571428571428, 0.6153846153846154, 0.7902097902097902, 0.6153846153846154, 0.5651080945198591, 0.07815194129943848)
forest; DEBUG: score = (0.7023809523809523, 0.6923076923076923, 0.7192307692307693, 0.6923076923076923, 0.6886446886446886, 0.06249284744262695)
forest; DEBUG: score = (0.6785714285714286, 0.6923076923076923, 0.7051282051282051, 0.6923076923076923, 0.6807692307692308, 0.06247377395629883)
forest; DEBUG: score = (0.7777777777777778, 0.6923076923076923, 0.8461538461538461, 0.6923076923076923, 0.6996336996336996, 0.0625298023223877)
forest; DEBUG: score = (0.773809523809524, 0.7692307692307693, 0.7783882783882785, 0.7692307692307693, 0.7692307692307693, 0.06255340576171875)
forest; DEBUG: score = (0.6125, 0.6153846153846154, 0.631868131868132, 0.6153846153846154, 0.62004662004662, 0.07805418968200684)
forest; DEBUG: score = (0.85, 0.7692307692307693, 0.8846153846153846, 0.7692307692307693, 0.7873303167420814, 0.06248116493225098)
forest; DEBUG: score = (0.7222222222222222, 0.6153846153846154, 0.8290598290598291, 0.6153846153846154, 0.6153846153846152, 0.06251716613769531)
forest; DEBUG: score = (0.773809523809524, 0.7692307692307693, 0.7783882783882785, 0.7692307692307693, 0.7692307692307693, 0.06252455711364746)
forest; DEBUG: score = (0.75, 0.6923076923076923, 0.8290598290598291, 0.6923076923076923, 0.684981684981685, 0.06254339218139648)
forest; DEBUG: score = (0.6785714285714286, 0.6923076923076923, 0.7051282051282051, 0.6923076923076923, 0.6807692307692308, 0.07812833786010742)
forest; DEBUG: score = (0.8125, 0.7692307692307693, 0.8557692307692307, 0.7692307692307693, 0.7692307692307693, 0.06254863739013672)
forest; DEBUG: score = (0.7619047619047619, 0.7692307692307693, 0.7730769230769231, 0.7692307692307693, 0.7664335664335664, 0.07807374000549316)
forest; DEBUG: score = (0.5972222222222222, 0.5384615384615384, 0.6692307692307692, 0.5384615384615384, 0.5494505494505494, 0.07811641693115234)
forest; DEBUG: score = (0.7619047619047619, 0.7692307692307693, 0.7730769230769231, 0.7692307692307693, 0.7664335664335664, 0.09378671646118164)
forest; DEBUG: score = (0.875, 0.8461538461538461, 0.8901098901098901, 0.8461538461538461, 0.8479853479853479, 0.09374761581420898)
forest; DEBUG: score = (0.6071428571428572, 0.6153846153846154, 0.6134615384615384, 0.6153846153846154, 0.6107226107226107, 0.07809853553771973)
forest; DEBUG: score = (0.8125, 0.7692307692307693, 0.8557692307692307, 0.7692307692307693, 0.7692307692307693, 0.07809615135192871)
forest; DEBUG: score = (0.5357142857142857, 0.5384615384615384, 0.5384615384615384, 0.5384615384615384, 0.5384615384615384, 0.07809233665466309)
forest; DEBUG: score = (0.7619047619047621, 0.7692307692307693, 0.7730769230769231, 0.7692307692307693, 0.7664335664335664, 0.0781240463256836)
forest; DEBUG: score = (0.7083333333333334, 0.6923076923076923, 0.7472527472527472, 0.6923076923076923, 0.7038461538461539, 0.1093740463256836)
forest; DEBUG: score = (0.7023809523809524, 0.6923076923076923, 0.7192307692307693, 0.6923076923076923, 0.6886446886446886, 0.07812690734863281)
forest; DEBUG: score = (0.7619047619047619, 0.7692307692307693, 0.7730769230769231, 0.7692307692307693, 0.7664335664335664, 0.07813024520874023)
