2022-11-10 15:19:30,571;2999
2022-11-10 15:19:35,493;3744
2022-11-10 15:19:42,789;4831
2022-11-10 15:19:45,602;5256
2022-11-10 15:19:48,164;5639
2022-11-10 15:19:52,602;6296
2022-11-10 15:19:53,852;6473
2022-11-10 15:20:00,864;7532
2022-11-10 15:20:01,692;7656
2022-11-10 15:20:02,051;7711
2022-11-10 15:20:11,458;9127
2022-11-10 15:20:19,301;10332
2022-11-10 15:20:22,786;10858
2022-11-10 15:20:40,443;13569
2022-11-10 15:20:45,537;14298
2022-11-10 15:20:46,178;14398
2022-11-10 15:20:46,365;14430
2022-11-10 15:20:47,271;14573
2022-11-10 15:20:51,334;15202
2022-11-10 15:21:01,533;16729
2022-11-10 15:21:02,741;16919
2022-11-10 15:21:04,397;17178
2022-11-10 15:21:04,554;17205
2022-11-10 15:21:15,194;18857
2022-11-10 15:21:18,288;19321
2022-11-10 15:21:20,600;19684
2022-11-10 15:21:20,647;19693
2022-11-10 15:21:26,470;20594
2022-11-10 15:21:34,689;21873
2022-11-10 15:21:43,674;23255
2022-11-10 15:21:50,783;24294
2022-11-10 15:21:55,047;24962
2022-11-10 15:21:57,391;25319
2022-11-10 15:22:13,721;27802
2022-11-10 15:22:14,346;27896
2022-11-10 15:22:17,737;28406
2022-11-10 15:22:20,909;28900
2022-11-10 15:22:21,831;29042
2022-11-10 15:22:26,001;29667
2022-11-10 15:22:38,472;31594
2022-11-10 15:22:38,519;31602
2022-11-10 15:22:39,035;31665
2022-11-10 15:22:41,425;32038
2022-11-10 15:22:45,628;32666
2022-11-10 15:22:50,910;33484
2022-11-10 15:22:51,894;33638
2022-11-10 15:22:53,847;33940
2022-11-10 15:22:54,457;34039
2022-11-10 15:23:00,250;34934
2022-11-10 15:23:05,615;35754
2022-11-10 15:23:08,287;36170
2022-11-10 15:23:08,865;36260
2022-11-10 15:23:11,896;36727
2022-11-10 15:23:17,474;37596
2022-11-10 15:23:19,334;37880
2022-11-10 15:23:29,460;39456
2022-11-10 15:23:34,053;40163
2022-11-10 15:23:34,866;40287
2022-11-10 15:23:35,350;40362
2022-11-10 15:23:39,335;40979
2022-11-10 15:23:39,428;40994
2022-11-10 15:23:39,725;41040
2022-11-10 15:23:41,897;41382
2022-11-10 15:23:48,600;42402
2022-11-10 15:23:48,725;42420
2022-11-10 15:24:02,821;44590
2022-11-10 15:24:04,758;44875
2022-11-10 15:24:08,916;45522
2022-11-10 15:24:16,635;46707
2022-11-10 15:24:21,041;47383
2022-11-10 15:24:23,791;47800
2022-11-10 15:24:27,409;48354
2022-11-10 15:24:36,675;49782
2022-11-10 15:24:37,019;49836
2022-11-10 15:24:37,503;49902
2022-11-10 15:24:37,863;49957
2022-11-10 15:24:37,925;49967
2022-11-10 15:24:51,831;52136
2022-11-10 15:24:59,895;53390
2022-11-10 15:25:01,392;53626
2022-11-10 15:25:01,642;53664
2022-11-10 15:25:05,192;54219
2022-11-10 15:25:08,177;54688
2022-11-10 15:25:13,661;55546
2022-11-10 15:25:17,364;56114
2022-11-10 15:25:20,395;56573
2022-11-10 15:25:25,036;57291
2022-11-10 15:25:33,740;58697
2022-11-10 15:25:36,631;59148
2022-11-10 15:25:38,631;59467
2022-11-10 15:25:42,834;60125
2022-11-10 15:25:47,099;60783
2022-11-10 15:25:49,178;61108
2022-11-10 15:25:50,178;61251
2022-11-10 15:25:51,537;61466
2022-11-10 15:26:02,067;63101
2022-11-10 15:26:12,302;64679
2022-11-10 15:26:20,552;65953
2022-11-10 15:26:21,114;66042
2022-11-10 15:26:27,146;66979
2022-11-10 15:26:37,927;68584
2022-11-10 15:26:38,161;68621
2022-11-10 15:26:38,942;68742
2022-11-10 15:26:39,411;68814
2022-11-10 15:26:40,489;68982
2022-11-10 15:26:41,317;69116
2022-11-10 15:26:47,802;70093
2022-11-10 15:26:49,036;70279
2022-11-10 15:27:01,398;72207
2022-11-10 15:27:02,789;72429
2022-11-10 15:27:04,930;72751
2022-11-10 15:27:11,727;73804
2022-11-10 15:27:16,664;74514
2022-11-10 15:27:21,773;75310
2022-11-10 15:27:22,383;75403
2022-11-10 15:27:22,617;75441
2022-11-10 15:27:26,961;76051
2022-11-10 15:27:30,154;76553
2022-11-10 15:27:30,326;76580
2022-11-10 15:27:31,607;76778
2022-11-10 15:27:49,665;79537
2022-11-10 15:27:58,336;80868
2022-11-10 15:27:59,602;81067
2022-11-10 15:28:01,653;81386
2022-11-10 15:28:10,290;82720
2022-11-10 15:28:11,493;82908
2022-11-10 15:28:14,602;83381
2022-11-10 15:28:22,322;84586
2022-11-10 15:28:27,666;85424
2022-11-10 15:28:38,938;87163
2022-11-10 15:28:44,360;87991
2022-11-10 15:28:48,828;88674
2022-11-10 15:29:00,580;90484
2022-11-10 15:29:06,094;91343
2022-11-10 15:29:08,188;91665
2022-11-10 15:29:10,735;92062
2022-11-10 15:29:24,485;94199
2022-11-10 15:29:25,188;94306
2022-11-10 15:29:28,954;94875
2022-11-10 15:29:29,329;94934
2022-11-10 15:29:30,673;95148
2022-11-10 15:29:36,234;96009
2022-11-10 15:29:37,344;96182
2022-11-10 15:29:40,234;96611
2022-11-10 15:29:41,891;96872
2022-11-10 15:29:42,391;96949
2022-11-10 15:29:46,437;97568
2022-11-10 15:29:48,781;97923
2022-11-10 15:29:50,844;98247
2022-11-10 15:29:53,922;98712
2022-11-10 15:29:57,938;99336
2022-11-10 15:29:59,844;99619
2022-11-10 15:30:04,469;100337
2022-11-10 15:30:05,610;100514
2022-11-10 15:30:07,751;100845
2022-11-10 15:30:11,547;101442
2022-11-10 15:30:14,594;101905
2022-11-10 15:30:14,797;101938
2022-11-10 15:30:24,001;103377
2022-11-10 15:30:25,610;103629
2022-11-10 15:30:25,907;103677
2022-11-10 15:30:27,688;103957
2022-11-10 15:30:30,188;104352
2022-11-10 15:30:34,305;105000
2022-11-10 15:30:37,555;105508
2022-11-10 15:30:43,243;106388
2022-11-10 15:30:43,446;106420
2022-11-10 15:30:48,134;107143
2022-11-10 15:30:48,493;107199
2022-11-10 15:30:57,040;108543
2022-11-10 15:30:57,180;108561
2022-11-10 15:31:02,943;109468
2022-11-10 15:31:03,552;109565
2022-11-10 15:31:08,443;110324
2022-11-10 15:31:12,271;110926
2022-11-10 15:31:17,255;111703
2022-11-10 15:31:19,521;112040
2022-11-10 15:31:19,787;112082
2022-11-10 15:31:29,490;113593
2022-11-10 15:31:31,177;113852
2022-11-10 15:31:34,037;114302
2022-11-10 15:31:34,099;114313
2022-11-10 15:31:55,303;117611
2022-11-10 15:31:56,865;117849
2022-11-10 15:31:59,912;118322
2022-11-10 15:32:00,346;118390
2022-11-10 15:32:01,846;118616
2022-11-10 15:32:10,335;119932
2022-11-10 15:32:15,554;120749
2022-11-10 15:32:18,679;121227
2022-11-10 15:32:19,100;121295
2022-11-10 15:32:26,100;122374
2022-11-10 15:32:27,741;122625
2022-11-10 15:32:34,022;123602
2022-11-10 15:32:43,680;125123
2022-11-10 15:32:43,883;125155
2022-11-10 15:32:49,649;126056
2022-11-10 15:32:54,821;126802
2022-11-10 15:32:56,539;127070
2022-11-10 15:33:05,461;128448
2022-11-10 15:33:09,773;129128
2022-11-10 15:33:11,851;129455
2022-11-10 15:33:20,945;130819
2022-11-10 15:33:26,398;131678
2022-11-10 15:33:33,117;132710
2022-11-10 15:33:33,148;132713
2022-11-10 15:33:38,134;133493
2022-11-10 15:33:41,181;133976
2022-11-10 15:33:43,712;134353
2022-11-10 15:33:44,087;134411
2022-11-10 15:33:50,603;135403
2022-11-10 15:33:53,353;135838
2022-11-10 15:34:04,192;137501
2022-11-10 15:34:04,755;137592
2022-11-10 15:34:09,536;138345
2022-11-10 15:34:10,255;138455
2022-11-10 15:34:14,036;139047
2022-11-10 15:34:17,005;139491
2022-11-10 15:34:41,869;143380
2022-11-10 15:34:43,739;143667
2022-11-10 15:34:50,927;144799
2022-11-10 15:34:55,333;145482
2022-11-10 15:35:04,334;146829
2022-11-10 15:35:05,974;147091
2022-11-10 15:35:10,131;147739
2022-11-10 15:35:24,057;149911
2022-11-10 15:35:35,995;151715
2022-11-10 15:35:41,370;152553
2022-11-10 15:35:41,634;152597
2022-11-10 15:35:43,243;152844
2022-11-10 15:35:46,024;153273
2022-11-10 15:35:47,790;153547
2022-11-10 15:35:51,087;154039
2022-11-10 15:35:51,852;154157
2022-11-10 15:35:53,259;154373
2022-11-10 15:36:00,271;155452
2022-11-10 15:36:11,974;157331
2022-11-10 15:36:15,585;157896
2022-11-10 15:36:20,132;158596
2022-11-10 15:36:22,975;159027
2022-11-10 15:36:24,147;159216
2022-11-10 15:36:24,413;159256
2022-11-10 15:36:24,804;159318
2022-11-10 15:36:25,460;159424
2022-11-10 15:36:26,382;159567
2022-11-10 15:36:27,460;159739
2022-11-10 15:36:29,913;160109
2022-11-10 15:36:38,132;161363
2022-11-10 15:36:38,679;161448
2022-11-10 15:36:41,022;161805
2022-11-10 15:36:53,601;163761
2022-11-10 15:36:56,382;164196
2022-11-10 15:37:07,305;165905
2022-11-10 15:37:10,227;166366
2022-11-10 15:37:16,790;167334
2022-11-10 15:37:26,698;168871
2022-11-10 15:37:38,761;170749
2022-11-10 15:37:39,011;170790
2022-11-10 15:37:43,370;171472
2022-11-10 15:37:51,019;172653
2022-11-10 15:37:51,972;172803
2022-11-10 15:37:52,847;172942
2022-11-10 15:37:57,957;173721
2022-11-10 15:38:02,703;174459
2022-11-10 15:38:11,285;175737
2022-11-10 15:38:11,707;175794
2022-11-10 15:38:13,582;176090
2022-11-10 15:38:16,426;176532
2022-11-10 15:38:16,567;176547
2022-11-10 15:38:18,075;176778
2022-11-10 15:38:19,552;177009
2022-11-10 15:38:24,036;177709
2022-11-10 15:38:27,380;178232
2022-11-10 15:38:31,474;178857
2022-11-10 15:38:33,692;179202
2022-11-10 15:38:35,192;179437
2022-11-10 15:38:36,411;179625
2022-11-10 15:38:36,786;179685
2022-11-10 15:38:38,036;179880
2022-11-10 15:38:40,786;180293
2022-11-10 15:38:42,286;180529
2022-11-10 15:38:43,989;180795
2022-11-10 15:38:52,553;182049
2022-11-10 15:39:02,237;183560
2022-11-10 15:39:06,929;184295
2022-11-10 15:39:08,585;184557
2022-11-10 15:39:08,835;184594
2022-11-10 15:39:09,601;184713
2022-11-10 15:39:12,538;185174
2022-11-10 15:39:13,304;185295
2022-11-10 15:39:13,554;185333
2022-11-10 15:39:17,976;186025
2022-11-10 15:39:19,712;186299
2022-11-10 15:39:23,275;186848
2022-11-10 15:39:23,322;186854
2022-11-10 15:39:27,978;187561
2022-11-10 15:39:31,415;188099
2022-11-10 15:39:39,478;189332
2022-11-10 15:39:43,103;189895
2022-11-10 15:39:43,197;189908
2022-11-10 15:39:43,384;189935
2022-11-10 15:39:45,900;190318
2022-11-10 15:39:47,025;190494
2022-11-10 15:39:49,165;190826
2022-11-10 15:39:57,063;192053
2022-11-10 15:39:57,484;192117
2022-11-10 15:40:01,199;192702
2022-11-10 15:40:02,433;192894
2022-11-10 15:40:02,777;192948
2022-11-10 15:40:03,090;192994
2022-11-10 15:40:03,215;193015
2022-11-10 15:40:09,657;194024
2022-11-10 15:40:29,457;197077
2022-11-10 15:40:30,332;197213
2022-11-10 15:40:30,629;197257
2022-11-10 15:40:30,972;197310
2022-11-10 15:40:34,722;197899
2022-11-10 15:40:35,816;198071
2022-11-10 15:40:41,082;198882
2022-11-10 15:40:43,566;199267
2022-11-10 15:40:49,269;200147
2022-11-10 15:40:49,832;200237
2022-11-10 15:40:50,738;200376
2022-11-10 15:40:50,738;200377
2022-11-10 15:40:51,551;200503
2022-11-10 15:40:52,066;200583
2022-11-10 15:40:55,412;201107
2022-11-10 15:41:12,648;203790
2022-11-10 15:41:13,304;203896
2022-11-10 15:41:21,945;205241
2022-11-10 15:41:38,898;207801
2022-11-10 15:41:53,711;210076
2022-11-10 15:42:06,399;212014
2022-11-10 15:42:09,321;212470
2022-11-10 15:42:12,884;213017
2022-11-10 15:42:18,759;213917
2022-11-10 15:42:21,649;214366
2022-11-10 15:42:24,181;214755
2022-11-10 15:42:24,540;214811
2022-11-10 15:42:27,801;215322
2022-11-10 15:42:29,051;215522
2022-11-10 15:42:29,536;215583
2022-11-10 15:42:31,926;215956
2022-11-10 15:42:32,348;216021
2022-11-10 15:42:38,551;216977
2022-11-10 15:42:38,989;217045
2022-11-10 15:42:41,333;217388
2022-11-10 15:42:45,723;218065
2022-11-10 15:42:48,020;218426
2022-11-10 15:42:59,797;220276
2022-11-10 15:43:03,506;220851
2022-11-10 15:43:08,240;221577
2022-11-10 15:43:10,240;221885
2022-11-10 15:43:14,459;222519
2022-11-10 15:43:18,771;223195
2022-11-10 15:43:19,271;223273
2022-11-10 15:43:25,256;224182
2022-11-10 15:43:27,053;224469
2022-11-10 15:43:27,115;224479
2022-11-10 15:43:31,884;225209
2022-11-10 15:43:32,696;225335
2022-11-10 15:43:32,759;225341
2022-11-10 15:43:33,429;225445
2022-11-10 15:43:33,648;225481
2022-11-10 15:43:43,913;227077
2022-11-10 15:43:45,413;227315
2022-11-10 15:43:50,569;228110
2022-11-10 15:43:55,851;228912
2022-11-10 15:43:56,679;229044
2022-11-10 15:43:58,819;229376
2022-11-10 15:44:00,065;229574
2022-11-10 15:44:01,221;229754
2022-11-10 15:44:01,905;229862
2022-11-10 15:44:03,758;230136
2022-11-10 15:44:05,289;230374
2022-11-10 15:44:06,133;230509
2022-11-10 15:44:07,258;230685
2022-11-10 15:44:07,695;230748
2022-11-10 15:44:08,492;230869
2022-11-10 15:44:10,195;231132
2022-11-10 15:44:15,680;231969
2022-11-10 15:44:16,805;232139
2022-11-10 15:44:19,039;232489
2022-11-10 15:44:24,664;233373
2022-11-10 15:44:25,055;233414
2022-11-10 15:44:30,367;234245
2022-11-10 15:44:43,056;236220
2022-11-10 15:44:44,369;236427
2022-11-10 15:44:48,400;237044
2022-11-10 15:44:48,587;237072
2022-11-10 15:44:54,369;237976
2022-11-10 15:44:59,790;238803
2022-11-10 15:45:00,443;238907
2022-11-10 15:45:01,037;239001
2022-11-10 15:45:02,068;239159
2022-11-10 15:45:14,911;241163
2022-11-10 15:45:22,786;242371
2022-11-10 15:45:22,911;242394
2022-11-10 15:45:23,661;242511
2022-11-10 15:45:29,646;243432
2022-11-10 15:45:41,005;245168
2022-11-10 15:45:52,833;246983
2022-11-10 15:46:00,783;248202
2022-11-10 15:46:09,788;249652
2022-11-10 15:46:11,335;249897
2022-11-10 15:46:16,444;250699
2022-11-10 15:46:22,476;251627
2022-11-10 15:46:29,804;252768
2022-11-10 15:46:31,444;253027
2022-11-10 15:46:31,648;253059
2022-11-10 15:46:32,851;253247
2022-11-10 15:46:34,773;253547
2022-11-10 15:46:38,569;254138
2022-11-10 15:46:45,570;255207
2022-11-10 15:46:45,648;255218
2022-11-10 15:46:47,961;255581
2022-11-10 15:46:56,086;256826
2022-11-10 15:47:01,473;257586
2022-11-10 15:47:03,851;257956
2022-11-10 15:47:07,992;258599
2022-11-10 15:47:08,148;258624
2022-11-10 15:47:08,539;258685
2022-11-10 15:47:09,492;258833
2022-11-10 15:47:16,603;259956
2022-11-10 15:47:17,962;260153
2022-11-10 15:47:23,884;261073
2022-11-10 15:47:28,196;261748
2022-11-10 15:47:33,478;262563
2022-11-10 15:47:36,821;263081
2022-11-10 15:47:40,556;263598
2022-11-10 15:47:43,325;264028
2022-11-10 15:47:44,887;264275
2022-11-10 15:47:46,887;264592
2022-11-10 15:47:49,481;264985
2022-11-10 15:48:01,195;266797
2022-11-10 15:48:01,274;266810
2022-11-10 15:48:02,508;266987
2022-11-10 15:48:07,133;267711
2022-11-10 15:48:12,789;268584
2022-11-10 15:48:13,102;268636
2022-11-10 15:48:13,602;268712
2022-11-10 15:48:14,149;268797
2022-11-10 15:48:15,204;268963
2022-11-10 15:48:16,485;269162
2022-11-10 15:48:18,563;269469
2022-11-10 15:48:19,016;269540
2022-11-10 15:48:28,969;271086
2022-11-10 15:48:30,063;271254
2022-11-10 15:48:31,594;271494
2022-11-10 15:48:37,407;272407
2022-11-10 15:48:37,579;272436
2022-11-10 15:48:37,938;272493
2022-11-10 15:48:39,094;272670
2022-11-10 15:48:43,016;273284
2022-11-10 15:48:47,163;273916
2022-11-10 15:49:00,849;276046
2022-11-10 15:49:01,880;276209
2022-11-10 15:49:02,208;276262
2022-11-10 15:49:06,039;276849
2022-11-10 15:49:07,414;277058
2022-11-10 15:49:09,429;277355
2022-11-10 15:49:12,111;277769
2022-11-10 15:49:12,346;277807
2022-11-10 15:49:15,884;278360
2022-11-10 15:49:23,833;279570
2022-11-10 15:49:30,818;280640
2022-11-10 15:49:30,943;280660
2022-11-10 15:49:33,927;281114
2022-11-10 15:49:35,099;281299
2022-11-10 15:49:35,755;281400
2022-11-10 15:49:47,630;283234
2022-11-10 15:49:54,271;284274
2022-11-10 15:49:57,552;284770
2022-11-10 15:49:59,567;285085
2022-11-10 15:50:00,938;285266
2022-11-10 15:50:02,267;285460
2022-11-10 15:50:03,329;285616
2022-11-10 15:50:06,256;286073
2022-11-10 15:50:06,474;286105
2022-11-10 15:50:06,584;286123
2022-11-10 15:50:06,896;286170
2022-11-10 15:50:09,959;286638
2022-11-10 15:50:13,443;287177
2022-11-10 15:50:15,115;287427
2022-11-10 15:50:27,913;289393
2022-11-10 15:50:34,054;290345
2022-11-10 15:50:35,022;290497
2022-11-10 15:50:35,741;290607
2022-11-10 15:50:39,835;291228
2022-11-10 15:50:41,382;291469
2022-11-10 15:50:42,616;291664
2022-11-10 15:50:44,679;291976
2022-11-10 15:50:51,226;292998
2022-11-10 15:50:57,398;293951
2022-11-10 15:50:58,039;294049
2022-11-10 15:50:58,679;294149
2022-11-10 15:51:15,993;296821
2022-11-10 15:51:16,118;296840
2022-11-10 15:51:22,134;297761
2022-11-10 15:51:27,245;298561
2022-11-10 15:51:32,089;299316
2022-11-10 15:51:32,276;299346
2022-11-10 15:51:33,683;299557
2022-11-10 15:51:34,479;299680
2022-11-10 15:51:35,120;299776
2022-11-10 15:51:40,276;300568
2022-11-10 15:51:43,229;301032
2022-11-10 15:51:43,948;301140
2022-11-10 15:51:50,495;302151
2022-11-10 15:52:01,619;303896
2022-11-10 15:52:03,432;304179
2022-11-10 15:52:04,125;304275
2022-11-10 15:52:04,437;304322
2022-11-10 15:52:05,687;304521
2022-11-10 15:52:07,609;304821
2022-11-10 15:52:08,281;304928
2022-11-10 15:52:32,813;308707
2022-11-10 15:52:35,016;309055
2022-11-10 15:52:35,203;309084
2022-11-10 15:52:38,938;309643
2022-11-10 15:52:39,828;309785
2022-11-10 15:52:42,813;310246
2022-11-10 15:52:47,344;310948
2022-11-10 15:52:50,453;311419
2022-11-10 15:52:51,375;311564
2022-11-10 15:52:53,235;311858
2022-11-10 15:52:54,156;312001
2022-11-10 15:52:59,938;312885
2022-11-10 15:53:05,564;313756
2022-11-10 15:53:08,329;314182
2022-11-10 15:53:15,220;315236
2022-11-10 15:53:20,626;316076
2022-11-10 15:53:24,892;316738
2022-11-10 15:53:24,954;316748
2022-11-10 15:53:28,407;317285
2022-11-10 15:53:30,048;317539
2022-11-10 15:53:36,830;318600
2022-11-10 15:53:38,346;318832
2022-11-10 15:53:45,252;319905
2022-11-10 15:53:48,096;320349
2022-11-10 15:53:49,096;320502
2022-11-10 15:53:49,314;320538
2022-11-10 15:53:49,752;320603
2022-11-10 15:53:52,674;321063
2022-11-10 15:53:53,892;321257
2022-11-10 15:53:56,299;321618
2022-11-10 15:53:57,502;321802
2022-11-10 15:54:01,658;322444
2022-11-10 15:54:10,597;323842
2022-11-10 15:54:21,910;325612
2022-11-10 15:54:22,410;325688
2022-11-10 15:54:23,300;325824
2022-11-10 15:54:23,550;325864
2022-11-10 15:54:24,113;325953
2022-11-10 15:54:30,566;326952
2022-11-10 15:54:32,847;327309
2022-11-10 15:54:34,785;327616
2022-11-10 15:54:35,222;327686
2022-11-10 15:54:35,597;327746
2022-11-10 15:54:38,692;328212
2022-11-10 15:54:40,660;328520
2022-11-10 15:54:42,270;328771
2022-11-10 15:54:44,957;329195
2022-11-10 15:54:46,067;329368
2022-11-10 15:54:47,879;329642
2022-11-10 15:54:53,082;330458
2022-11-10 15:54:54,098;330616
2022-11-10 15:54:56,770;331031
2022-11-10 15:54:58,207;331241
2022-11-10 15:54:59,426;331433
2022-11-10 15:55:13,976;333678
2022-11-10 15:55:16,241;334036
2022-11-10 15:55:18,866;334451
2022-11-10 15:55:20,038;334608
2022-11-10 15:55:21,991;334915
2022-11-10 15:55:22,944;335064
2022-11-10 15:55:33,898;336686
2022-11-10 15:55:43,976;338271
2022-11-10 15:55:44,210;338310
2022-11-10 15:55:48,023;338899
2022-11-10 15:55:48,398;338950
2022-11-10 15:55:49,960;339199
2022-11-10 15:55:54,023;339824
2022-11-10 15:55:58,945;340578
2022-11-10 15:56:09,461;342221
2022-11-10 15:56:16,851;343358
2022-11-10 15:56:17,414;343445
2022-11-10 15:56:18,039;343544
2022-11-10 15:56:19,367;343753
2022-11-10 15:56:19,445;343765
2022-11-10 15:56:27,055;344908
2022-11-10 15:56:35,570;346169
2022-11-10 15:56:36,039;346244
2022-11-10 15:56:47,757;348052
2022-11-10 15:56:52,509;348800
2022-11-10 15:56:59,071;349817
2022-11-10 15:57:04,319;350609
2022-11-10 15:57:13,334;352004
2022-11-10 15:57:13,490;352018
2022-11-10 15:57:15,006;352254
2022-11-10 15:57:18,615;352820
2022-11-10 15:57:21,726;353303
2022-11-10 15:57:28,663;354323
2022-11-10 15:57:30,351;354585
2022-11-10 15:57:31,210;354721
2022-11-10 15:57:36,741;355572
2022-11-10 15:57:40,257;356108
2022-11-10 15:57:40,913;356209
2022-11-10 15:57:42,351;356437
2022-11-10 15:57:45,413;356896
2022-11-10 15:57:45,648;356934
2022-11-10 15:58:00,179;359208
2022-11-10 15:58:02,007;359494
2022-11-10 15:58:02,241;359528
2022-11-10 15:58:09,397;360629
2022-11-10 15:58:11,350;360940
2022-11-10 15:58:21,397;362480
2022-11-10 15:58:25,679;363156
2022-11-10 15:58:26,414;363271
2022-11-10 15:58:26,773;363329
2022-11-10 15:58:37,898;365056
2022-11-10 15:58:44,382;366007
2022-11-10 15:58:49,820;366859
2022-11-10 15:59:03,864;369044
2022-11-10 15:59:04,474;369139
2022-11-10 15:59:05,255;369265
2022-11-10 15:59:08,286;369734
2022-11-10 15:59:08,911;369832
2022-11-10 15:59:18,302;371261
2022-11-10 15:59:23,318;372052
2022-11-10 15:59:23,521;372068
2022-11-10 15:59:25,161;372325
2022-11-10 15:59:29,928;373049
2022-11-10 15:59:33,803;373659
2022-11-10 15:59:34,928;373821
2022-11-10 15:59:34,990;373830
2022-11-10 15:59:41,256;374790
2022-11-10 15:59:45,146;375399
2022-11-10 15:59:45,662;375480
2022-11-10 15:59:45,740;375491
2022-11-10 15:59:49,740;376115
2022-11-10 15:59:51,631;376417
2022-11-10 15:59:52,287;376520
2022-11-10 15:59:55,615;377038
2022-11-10 15:59:57,803;377371
2022-11-10 15:59:58,178;377425
2022-11-10 16:00:01,924;377997
2022-11-10 16:00:04,381;378380
2022-11-10 16:00:08,474;379005
2022-11-10 16:00:12,006;379555
2022-11-10 16:00:13,553;379780
2022-11-10 16:00:15,990;380161
2022-11-10 16:00:21,834;381060
2022-11-10 16:00:29,803;382303
2022-11-10 16:00:38,037;383591
2022-11-10 16:00:41,412;384104
2022-11-10 16:00:42,853;384256
2022-11-10 16:00:54,632;386022
2022-11-10 16:00:56,960;386378
2022-11-10 16:01:00,034;386842
2022-11-10 16:01:02,175;387172
2022-11-10 16:01:02,175;387174
2022-11-10 16:01:04,253;387498
2022-11-10 16:01:04,878;387592
2022-11-10 16:01:06,471;387845
2022-11-10 16:01:06,987;387926
2022-11-10 16:01:08,440;388147
2022-11-10 16:01:28,118;391187
2022-11-10 16:01:29,930;391467
2022-11-10 16:01:31,462;391707
2022-11-10 16:01:34,243;392122
2022-11-10 16:01:34,743;392201
2022-11-10 16:01:35,649;392343
2022-11-10 16:01:39,169;392885
2022-11-10 16:01:40,060;393020
2022-11-10 16:01:41,794;393294
2022-11-10 16:01:44,450;393695
2022-11-10 16:01:48,169;394283
2022-11-10 16:01:50,732;394686
2022-11-10 16:01:54,529;395279
2022-11-10 16:01:56,622;395589
2022-11-10 16:02:00,557;396206
2022-11-10 16:02:03,904;396730
2022-11-10 16:02:07,544;397260
2022-11-10 16:02:07,763;397295
2022-11-10 16:02:10,646;397750
2022-11-10 16:02:11,224;397841
2022-11-10 16:02:12,380;398021
2022-11-10 16:02:14,240;398314
2022-11-10 16:02:15,536;398515
2022-11-10 16:02:19,865;399169
2022-11-10 16:02:22,193;399536
2022-11-10 16:02:32,630;401149
2022-11-10 16:02:34,115;401379
2022-11-10 16:02:37,958;401985
2022-11-10 16:02:42,276;402646
2022-11-10 16:02:43,959;402911
2022-11-10 16:02:47,147;403413
2022-11-10 16:02:49,865;403836
2022-11-10 16:02:54,787;404605
2022-11-10 16:03:00,767;405523
2022-11-10 16:03:17,029;408047
2022-11-10 16:03:19,054;408365
2022-11-10 16:03:21,460;408743
2022-11-10 16:03:29,773;410048
2022-11-10 16:03:31,117;410261
2022-11-10 16:03:32,398;410460
2022-11-10 16:03:36,867;411155
2022-11-10 16:03:39,398;411530
2022-11-10 16:03:44,320;412305
2022-11-10 16:03:52,649;413568
2022-11-10 16:04:05,647;415584
2022-11-10 16:04:09,272;416153
2022-11-10 16:04:11,022;416426
2022-11-10 16:04:12,053;416585
2022-11-10 16:04:12,413;416642
2022-11-10 16:04:18,319;417568
2022-11-10 16:04:22,243;418180
2022-11-10 16:04:22,321;418194
2022-11-10 16:04:26,835;418886
2022-11-10 16:04:29,444;419275
2022-11-10 16:04:32,366;419734
2022-11-10 16:04:34,694;420093
2022-11-10 16:04:40,319;420960
2022-11-10 16:04:42,366;421280
2022-11-10 16:04:45,757;421805
2022-11-10 16:04:48,866;422291
2022-11-10 16:04:49,538;422395
2022-11-10 16:04:50,085;422466
2022-11-10 16:04:51,663;422718
2022-11-10 16:04:53,590;423019
2022-11-10 16:04:53,746;423045
2022-11-10 16:05:01,222;424213
2022-11-10 16:05:06,696;425052
2022-11-10 16:05:07,352;425157
2022-11-10 16:05:16,258;426537
2022-11-10 16:05:20,946;427192
2022-11-10 16:05:27,767;428239
2022-11-10 16:05:30,994;428727
2022-11-10 16:05:37,373;429670
2022-11-10 16:05:38,733;429883
2022-11-10 16:05:38,842;429901
2022-11-10 16:05:43,467;430605
2022-11-10 16:05:44,108;430707
2022-11-10 16:05:48,779;431423
2022-11-10 16:05:49,186;431488
2022-11-10 16:05:53,904;432220
2022-11-10 16:05:55,248;432435
2022-11-10 16:05:56,139;432571
2022-11-10 16:05:58,706;432971
2022-11-10 16:05:59,347;433072
2022-11-10 16:06:00,624;433270
2022-11-10 16:06:01,936;433469
2022-11-10 16:06:08,004;434447
2022-11-10 16:06:09,832;434764
2022-11-10 16:06:12,019;435104
2022-11-10 16:06:13,051;435264
2022-11-10 16:06:14,738;435526
2022-11-10 16:06:15,629;435664
2022-11-10 16:06:25,222;437151
2022-11-10 16:06:27,051;437435
2022-11-10 16:06:29,457;437806
2022-11-10 16:06:34,191;438546
2022-11-10 16:06:35,660;438776
2022-11-10 16:06:37,738;439101
2022-11-10 16:06:40,332;439507
2022-11-10 16:06:43,238;439948
2022-11-10 16:06:52,941;441436
2022-11-10 16:06:54,160;441624
2022-11-10 16:06:54,832;441729
2022-11-10 16:06:59,488;442444
2022-11-10 16:07:02,062;442831
2022-11-10 16:07:08,567;443842
2022-11-10 16:07:10,036;444071
2022-11-10 16:07:15,536;444929
2022-11-10 16:07:17,130;445177
2022-11-10 16:07:20,177;445645
2022-11-10 16:07:21,239;445813
2022-11-10 16:07:21,317;445825
2022-11-10 16:07:30,364;447223
2022-11-10 16:07:35,850;448011
2022-11-10 16:07:38,881;448486
2022-11-10 16:07:39,647;448604
2022-11-10 16:07:50,694;450303
2022-11-10 16:07:54,350;450877
2022-11-10 16:07:55,740;451096
2022-11-10 16:07:56,959;451286
2022-11-10 16:08:00,879;451894
2022-11-10 16:08:04,819;452501
2022-11-10 16:08:09,975;453292
2022-11-10 16:08:10,054;453305
2022-11-10 16:08:10,913;453438
2022-11-10 16:08:14,632;454016
2022-11-10 16:08:16,304;454278
2022-11-10 16:08:17,335;454441
2022-11-10 16:08:21,382;455061
2022-11-10 16:08:21,788;455124
2022-11-10 16:08:31,960;456672
2022-11-10 16:08:32,569;456767
2022-11-10 16:08:44,101;458555
2022-11-10 16:08:45,382;458756
2022-11-10 16:08:47,679;459111
2022-11-10 16:08:48,226;459199
2022-11-10 16:08:51,679;459735
2022-11-10 16:09:00,785;461137
2022-11-10 16:09:00,848;461146
2022-11-10 16:09:00,848;461147
2022-11-10 16:09:08,228;462299
2022-11-10 16:09:16,853;463630
2022-11-10 16:09:25,306;464940
2022-11-10 16:09:42,087;467528
2022-11-10 16:09:53,847;469373
2022-11-10 16:09:58,394;470057
2022-11-10 16:10:04,973;471076
2022-11-10 16:10:13,801;472421
2022-11-10 16:10:22,589;473762
2022-11-10 16:10:23,761;473951
2022-11-10 16:10:26,708;474397
2022-11-10 16:10:32,380;475269
2022-11-10 16:10:32,614;475304
2022-11-10 16:10:34,786;475645
2022-11-10 16:10:39,020;476304
2022-11-10 16:10:39,630;476382
2022-11-10 16:10:54,320;478643
2022-11-10 16:10:58,961;479369
2022-11-10 16:11:04,072;480164
2022-11-10 16:11:26,931;483690
2022-11-10 16:11:28,040;483854
2022-11-10 16:11:31,649;484365
2022-11-10 16:11:31,993;484417
2022-11-10 16:11:43,212;486153
2022-11-10 16:11:52,868;487663
2022-11-10 16:11:55,946;488138
2022-11-10 16:12:21,115;492047
2022-11-10 16:12:23,475;492416
2022-11-10 16:12:30,537;493498
2022-11-10 16:12:31,875;493629
2022-11-10 16:12:34,475;494036
2022-11-10 16:12:39,772;494866
2022-11-10 16:12:40,663;495006
2022-11-10 16:12:47,288;496041
2022-11-10 16:12:51,850;496749
2022-11-10 16:12:56,007;497398
2022-11-10 16:12:57,397;497619
2022-11-10 16:12:57,835;497689
2022-11-10 16:13:08,352;499318
2022-11-10 16:13:10,195;499589
2022-11-10 16:13:17,055;500668
2022-11-10 16:13:18,633;500915
2022-11-10 16:13:25,508;501988
2022-11-10 16:13:30,805;502814
2022-11-10 16:13:40,056;504236
2022-11-10 16:13:40,306;504277
2022-11-10 16:13:42,994;504682
2022-11-10 16:13:53,056;506254
2022-11-10 16:13:56,587;506798
2022-11-10 16:14:00,286;507371
2022-11-10 16:14:05,286;508154
2022-11-10 16:14:08,474;508656
2022-11-10 16:14:10,349;508932
2022-11-10 16:14:12,717;509304
2022-11-10 16:14:16,974;509953
2022-11-10 16:14:20,631;510524
2022-11-10 16:14:20,787;510551
2022-11-10 16:14:22,490;510814
2022-11-10 16:14:22,693;510845
2022-11-10 16:14:24,021;511054
2022-11-10 16:14:27,756;511642
2022-11-10 16:14:30,334;512041
2022-11-10 16:14:34,099;512621
2022-11-10 16:14:34,506;512684
2022-11-10 16:14:35,271;512806
2022-11-10 16:14:45,022;514310
2022-11-10 16:14:46,100;514481
2022-11-10 16:14:50,569;515179
2022-11-10 16:15:06,163;517616
2022-11-10 16:15:08,585;517999
2022-11-10 16:15:09,632;518161
2022-11-10 16:15:13,101;518706
2022-11-10 16:15:13,335;518745
2022-11-10 16:15:18,285;519508
2022-11-10 16:15:19,148;519640
2022-11-10 16:15:20,758;519890
2022-11-10 16:15:22,070;520093
2022-11-10 16:15:24,726;520505
2022-11-10 16:15:25,742;520664
2022-11-10 16:15:33,195;521805
2022-11-10 16:15:33,929;521916
2022-11-10 16:15:43,117;523336
2022-11-10 16:15:45,148;523644
2022-11-10 16:15:48,258;524128
2022-11-10 16:15:49,680;524343
2022-11-10 16:15:55,633;525270
2022-11-10 16:15:57,242;525524
2022-11-10 16:16:15,306;528337
2022-11-10 16:16:15,978;528440
2022-11-10 16:16:30,310;530642
2022-11-10 16:16:32,857;531040
2022-11-10 16:16:34,060;531206
2022-11-10 16:16:40,013;532144
2022-11-10 16:16:47,623;533318
2022-11-10 16:16:52,341;534050
2022-11-10 16:16:57,575;534861
2022-11-10 16:17:11,610;536995
2022-11-10 16:17:11,875;537037
2022-11-10 16:17:12,516;537122
2022-11-10 16:17:17,203;537854
2022-11-10 16:17:19,688;538222
2022-11-10 16:17:21,907;538568
2022-11-10 16:17:44,204;542025
2022-11-10 16:17:46,079;542311
2022-11-10 16:17:51,798;543186
2022-11-10 16:18:00,498;544536
2022-11-10 16:18:12,299;546311
2022-11-10 16:18:14,595;546665
2022-11-10 16:18:25,174;548298
2022-11-10 16:18:35,595;549908
2022-11-10 16:18:52,131;552456
2022-11-10 16:18:53,913;552731
2022-11-10 16:19:05,240;554483
2022-11-10 16:19:06,068;554612
2022-11-10 16:19:07,662;554862
2022-11-10 16:19:08,443;554984
2022-11-10 16:19:21,741;557023
2022-11-10 16:19:28,569;558090
2022-11-10 16:19:31,600;558565
2022-11-10 16:19:35,085;559108
2022-11-10 16:19:37,710;559518
2022-11-10 16:19:40,179;559889
2022-11-10 16:19:44,352;560514
2022-11-10 16:19:50,336;561428
2022-11-10 16:19:59,039;562773
2022-11-10 16:20:01,832;563123
2022-11-10 16:20:08,711;564189
2022-11-10 16:20:10,993;564532
2022-11-10 16:20:11,836;564664
2022-11-10 16:20:14,071;565011
2022-11-10 16:20:15,477;565231
2022-11-10 16:20:20,008;565937
2022-11-10 16:20:26,571;566964
2022-11-10 16:20:29,727;567450
2022-11-10 16:20:47,196;570142
2022-11-10 16:20:48,524;570348
2022-11-10 16:20:53,404;571108
2022-11-10 16:21:08,217;573389
2022-11-10 16:21:10,513;573745
2022-11-10 16:21:14,201;574370
2022-11-10 16:21:18,638;575089
2022-11-10 16:21:19,076;575156
2022-11-10 16:21:20,701;575411
2022-11-10 16:21:22,076;575628
2022-11-10 16:21:32,596;577249
2022-11-10 16:21:47,611;579586
2022-11-10 16:21:53,424;580480
2022-11-10 16:21:53,721;580526
2022-11-10 16:21:54,502;580647
2022-11-10 16:21:55,892;580867
2022-11-10 16:22:00,548;581598
2022-11-10 16:22:08,285;582787
2022-11-10 16:22:11,113;583230
2022-11-10 16:22:19,910;584581
2022-11-10 16:22:21,941;584899
2022-11-10 16:22:23,645;585167
2022-11-10 16:22:36,366;587101
2022-11-10 16:22:38,335;587410
2022-11-10 16:22:42,460;588036
2022-11-10 16:22:56,116;590111
2022-11-10 16:22:59,131;590580
2022-11-10 16:23:00,301;590760
2022-11-10 16:23:18,757;593620
2022-11-10 16:23:23,132;594305
2022-11-10 16:23:27,679;595013
2022-11-10 16:23:34,148;596028
2022-11-10 16:23:37,963;596620
2022-11-10 16:23:45,055;597719
2022-11-10 16:23:52,820;598932
2022-11-10 16:23:52,914;598947
2022-11-10 16:24:10,274;601613
2022-11-10 16:24:12,592;601955
2022-11-10 16:24:19,118;602976
2022-11-10 16:24:25,728;604006
2022-11-10 16:24:42,556;606603
2022-11-10 16:24:44,103;606844
2022-11-10 16:24:48,014;607453
2022-11-10 16:24:48,077;607464
2022-11-10 16:24:59,733;609267
2022-11-10 16:25:11,417;611065
2022-11-10 16:25:13,464;611385
2022-11-10 16:25:16,604;611874
2022-11-10 16:25:19,308;612280
2022-11-10 16:25:19,667;612336
2022-11-10 16:25:20,652;612491
2022-11-10 16:25:21,339;612601
2022-11-10 16:25:29,527;613865
2022-11-10 16:25:30,074;613951
2022-11-10 16:25:39,668;615453
2022-11-10 16:25:42,074;615830
2022-11-10 16:25:54,918;617822
2022-11-10 16:25:58,449;618373
2022-11-10 16:26:01,039;618772
2022-11-10 16:26:06,335;619598
2022-11-10 16:26:09,382;620062
2022-11-10 16:26:22,664;622138
2022-11-10 16:26:24,054;622350
2022-11-10 16:26:24,054;622351
2022-11-10 16:26:30,226;623285
2022-11-10 16:26:37,320;624321
2022-11-10 16:26:40,570;624818
2022-11-10 16:26:42,679;625148
2022-11-10 16:26:46,257;625689
2022-11-10 16:26:49,101;626120
2022-11-10 16:26:54,773;627005
2022-11-10 16:26:56,914;627341
2022-11-10 16:27:00,740;627932
2022-11-10 16:27:09,024;629209
2022-11-10 16:27:10,305;629395
2022-11-10 16:27:10,665;629451
2022-11-10 16:27:11,461;629574
2022-11-10 16:27:35,165;633226
2022-11-10 16:27:36,343;633409
2022-11-10 16:27:41,946;634262
2022-11-10 16:27:44,587;634670
2022-11-10 16:27:56,259;636492
2022-11-10 16:27:58,587;636857
2022-11-10 16:27:58,806;636887
2022-11-10 16:28:02,333;637425
2022-11-10 16:28:02,442;637442
2022-11-10 16:28:03,426;637596
2022-11-10 16:28:04,114;637704
2022-11-10 16:28:09,802;638589
2022-11-10 16:28:10,318;638673
2022-11-10 16:28:11,458;638834
2022-11-10 16:28:12,037;638924
2022-11-10 16:28:14,521;639315
2022-11-10 16:28:14,849;639366
2022-11-10 16:28:17,615;639795
2022-11-10 16:28:18,927;640000
2022-11-10 16:28:19,443;640080
2022-11-10 16:28:20,130;640187
2022-11-10 16:28:21,537;640405
2022-11-10 16:28:22,396;640534
2022-11-10 16:28:28,724;641524
2022-11-10 16:28:32,068;642047
2022-11-10 16:28:40,802;643404
2022-11-10 16:28:42,146;643615
2022-11-10 16:28:42,599;643682
2022-11-10 16:28:47,147;644398
2022-11-10 16:28:49,350;644742
2022-11-10 16:28:52,459;645224
2022-11-10 16:28:53,944;645456
2022-11-10 16:29:01,049;646559
2022-11-10 16:29:02,706;646818
2022-11-10 16:29:11,616;648201
2022-11-10 16:29:15,022;648719
2022-11-10 16:29:15,522;648797
2022-11-10 16:29:24,148;650140
2022-11-10 16:29:27,773;650638
2022-11-10 16:29:29,914;650976
2022-11-10 16:29:33,180;651487
2022-11-10 16:29:34,570;651702
2022-11-10 16:29:37,508;652139
2022-11-10 16:29:46,883;653569
2022-11-10 16:29:48,180;653765
2022-11-10 16:29:55,477;654891
2022-11-10 16:29:57,540;655198
2022-11-10 16:30:08,989;656949
2022-11-10 16:30:09,379;657009
2022-11-10 16:30:09,911;657093
2022-11-10 16:30:13,676;657683
2022-11-10 16:30:17,911;658342
2022-11-10 16:30:18,864;658493
2022-11-10 16:30:22,942;659126
2022-11-10 16:30:23,005;659137
2022-11-10 16:30:24,572;659377
2022-11-10 16:30:40,178;661773
2022-11-10 16:30:42,725;662138
2022-11-10 16:30:56,381;664222
2022-11-10 16:30:56,818;664291
2022-11-10 16:30:57,381;664382
2022-11-10 16:30:57,553;664410
2022-11-10 16:30:58,686;664584
2022-11-10 16:31:06,055;665729
2022-11-10 16:31:10,150;666350
2022-11-10 16:31:11,291;666530
2022-11-10 16:31:11,681;666591
2022-11-10 16:31:19,650;667841
2022-11-10 16:31:20,306;667940
2022-11-10 16:31:26,119;668834
2022-11-10 16:31:32,438;669800
2022-11-10 16:31:39,485;670873
2022-11-10 16:31:40,891;671088
2022-11-10 16:31:42,266;671305
2022-11-10 16:31:42,453;671337
2022-11-10 16:31:43,328;671474
2022-11-10 16:31:44,438;671649
2022-11-10 16:31:45,844;671871
2022-11-10 16:31:51,985;672814
2022-11-10 16:31:53,094;672987
2022-11-10 16:31:58,641;673840
2022-11-10 16:31:59,891;674030
2022-11-10 16:32:01,340;674246
2022-11-10 16:32:15,987;676528
2022-11-10 16:32:21,580;677394
2022-11-10 16:32:22,518;677539
2022-11-10 16:32:23,033;677614
2022-11-10 16:32:23,299;677655
2022-11-10 16:32:29,940;678690
2022-11-10 16:32:36,315;679668
2022-11-10 16:32:37,424;679840
2022-11-10 16:32:39,549;680175
2022-11-10 16:32:44,580;680956
2022-11-10 16:32:47,580;681408
2022-11-10 16:32:53,830;682387
2022-11-10 16:32:55,190;682603
2022-11-10 16:33:01,076;683492
2022-11-10 16:33:01,811;683604
2022-11-10 16:33:07,019;684393
2022-11-10 16:33:09,800;684829
2022-11-10 16:33:11,534;685101
2022-11-10 16:33:19,677;686356
2022-11-10 16:33:20,552;686492
2022-11-10 16:33:25,162;687204
2022-11-10 16:33:34,474;688627
2022-11-10 16:33:39,177;689349
2022-11-10 16:33:41,380;689679
2022-11-10 16:33:45,599;690340
2022-11-10 16:33:46,568;690495
2022-11-10 16:33:47,177;690592
2022-11-10 16:33:48,848;690853
2022-11-10 16:34:02,035;692894
2022-11-10 16:34:05,899;693497
2022-11-10 16:34:06,133;693536
2022-11-10 16:34:18,524;695477
2022-11-10 16:34:22,274;696067
2022-11-10 16:34:31,260;697468
2022-11-10 16:34:35,557;698137
2022-11-10 16:34:38,650;698620
2022-11-10 16:34:43,963;699445
2022-11-10 16:34:48,666;700158
2022-11-10 16:34:52,760;700788
2022-11-10 16:34:56,478;701374
2022-11-10 16:35:02,050;702223
2022-11-10 16:35:08,429;703200
2022-11-10 16:35:10,539;703523
2022-11-10 16:35:14,570;704152
2022-11-10 16:35:18,883;704815
2022-11-10 16:35:20,008;704983
2022-11-10 16:35:23,742;705565
2022-11-10 16:35:25,070;705761
2022-11-10 16:35:26,367;705963
2022-11-10 16:35:32,274;706863
2022-11-10 16:35:39,759;708021
2022-11-10 16:35:44,884;708809
2022-11-10 16:35:44,915;708816
2022-11-10 16:35:49,493;709517
2022-11-10 16:36:01,896;711447
2022-11-10 16:36:03,396;711682
2022-11-10 16:36:03,755;711737
2022-11-10 16:36:08,069;712414
2022-11-10 16:36:10,631;712816
2022-11-10 16:36:33,459;716420
2022-11-10 16:36:35,459;716716
2022-11-10 16:36:41,210;717603
2022-11-10 16:36:47,569;718582
2022-11-10 16:36:53,554;719511
2022-11-10 16:36:55,663;719844
2022-11-10 16:36:59,600;720449
2022-11-10 16:37:04,555;721223
2022-11-10 16:37:07,930;721731
2022-11-10 16:37:20,993;723754
2022-11-10 16:37:22,993;724066
2022-11-10 16:37:23,149;724091
2022-11-10 16:37:35,993;726068
2022-11-10 16:37:51,291;728453
2022-11-10 16:37:53,962;728871
2022-11-10 16:37:59,666;729761
2022-11-10 16:38:04,256;730481
2022-11-10 16:38:06,912;730876
2022-11-10 16:38:08,099;731064
2022-11-10 16:38:26,945;734000
2022-11-10 16:38:28,366;734162
2022-11-10 16:38:32,023;734734
2022-11-10 16:38:34,257;735087
2022-11-10 16:38:35,663;735296
2022-11-10 16:38:36,820;735475
2022-11-10 16:38:38,476;735735
2022-11-10 16:38:41,601;736195
2022-11-10 16:38:43,523;736497
2022-11-10 16:38:48,366;737238
2022-11-10 16:38:52,913;737934
2022-11-10 16:38:58,969;738871
2022-11-10 16:39:02,019;739329
2022-11-10 16:39:03,504;739559
2022-11-10 16:39:03,738;739596
2022-11-10 16:39:04,082;739651
2022-11-10 16:39:12,196;740888
2022-11-10 16:39:15,008;741327
2022-11-10 16:39:22,243;742450
2022-11-10 16:39:32,255;743978
2022-11-10 16:39:36,911;744696
2022-11-10 16:39:47,801;746381
2022-11-10 16:39:49,051;746575
2022-11-10 16:39:52,286;747083
2022-11-10 16:39:52,661;747140
2022-11-10 16:40:02,282;748618
2022-11-10 16:40:03,203;748762
2022-11-10 16:40:04,000;748886
2022-11-10 16:40:05,755;749165
2022-11-10 16:40:09,067;749670
2022-11-10 16:40:09,427;749727
2022-11-10 16:40:22,192;751670
2022-11-10 16:40:22,255;751679
2022-11-10 16:40:27,286;752469
2022-11-10 16:40:27,802;752549
2022-11-10 16:40:28,130;752599
2022-11-10 16:40:38,645;754237
2022-11-10 16:40:55,146;756799
2022-11-10 16:40:59,568;757487
2022-11-10 16:41:00,080;757565
2022-11-10 16:41:03,923;758172
2022-11-10 16:41:05,381;758337
2022-11-10 16:41:06,272;758476
2022-11-10 16:41:06,975;758585
2022-11-10 16:41:11,241;759254
2022-11-10 16:41:12,194;759403
2022-11-10 16:41:21,117;760780
2022-11-10 16:41:28,273;761836
2022-11-10 16:41:36,038;763036
2022-11-10 16:41:37,507;763250
2022-11-10 16:41:41,742;763904
2022-11-10 16:41:47,695;764826
2022-11-10 16:41:47,804;764842
2022-11-10 16:41:53,884;765780
2022-11-10 16:41:53,993;765797
2022-11-10 16:41:54,852;765926
2022-11-10 16:41:59,118;766596
2022-11-10 16:42:03,400;767243
2022-11-10 16:42:08,447;768022
2022-11-10 16:42:15,088;769040
2022-11-10 16:42:17,947;769487
2022-11-10 16:42:20,291;769852
2022-11-10 16:42:21,010;769964
2022-11-10 16:42:23,931;770403
2022-11-10 16:42:37,261;772466
2022-11-10 16:42:45,948;773789
2022-11-10 16:42:52,542;774804
2022-11-10 16:42:55,058;775187
2022-11-10 16:42:55,495;775255
2022-11-10 16:42:59,753;775923
2022-11-10 16:43:00,210;775993
2022-11-10 16:43:00,631;776059
2022-11-10 16:43:02,788;776393
2022-11-10 16:43:03,272;776468
2022-11-10 16:43:07,647;777134
2022-11-10 16:43:07,866;777168
2022-11-10 16:43:11,272;777696
2022-11-10 16:43:14,866;778252
2022-11-10 16:43:27,413;780190
2022-11-10 16:43:29,506;780520
2022-11-10 16:43:29,585;780534
2022-11-10 16:43:31,399;780826
2022-11-10 16:43:32,243;780942
2022-11-10 16:43:32,883;781012
2022-11-10 16:43:40,321;782159
2022-11-10 16:43:42,180;782422
2022-11-10 16:43:46,711;783136
2022-11-10 16:43:49,180;783503
2022-11-10 16:43:51,868;783922
2022-11-10 16:43:56,243;784587
2022-11-10 16:44:03,209;785656
2022-11-10 16:44:04,162;785803
2022-11-10 16:44:07,196;786280
2022-11-10 16:44:11,024;786881
2022-11-10 16:44:11,164;786902
2022-11-10 16:44:11,414;786943
2022-11-10 16:44:12,852;787170
2022-11-10 16:44:18,243;787988
2022-11-10 16:44:20,539;788329
2022-11-10 16:44:22,602;788649
2022-11-10 16:44:27,289;789357
2022-11-10 16:44:29,008;789627
2022-11-10 16:44:31,852;790071
2022-11-10 16:44:36,008;790705
2022-11-10 16:44:45,165;792124
2022-11-10 16:44:50,775;792996
2022-11-10 16:44:52,009;793188
2022-11-10 16:44:53,056;793351
2022-11-10 16:44:53,400;793401
2022-11-10 16:44:54,431;793564
2022-11-10 16:45:02,230;794764
2022-11-10 16:45:04,839;795171
2022-11-10 16:45:04,964;795192
2022-11-10 16:45:05,761;795315
2022-11-10 16:45:12,417;796334
2022-11-10 16:45:20,481;797531
2022-11-10 16:45:21,809;797732
2022-11-10 16:45:22,309;797812
2022-11-10 16:45:22,653;797866
2022-11-10 16:45:23,669;798027
2022-11-10 16:45:51,375;802211
2022-11-10 16:46:09,297;804985
2022-11-10 16:46:11,844;805386
2022-11-10 16:46:17,391;806281
2022-11-10 16:46:20,047;806698
2022-11-10 16:46:21,704;806957
2022-11-10 16:46:23,125;807180
2022-11-10 16:46:23,860;807293
2022-11-10 16:46:29,610;808195
2022-11-10 16:46:30,594;808352
2022-11-10 16:46:31,938;808563
2022-11-10 16:46:45,157;810608
2022-11-10 16:46:54,376;812032
2022-11-10 16:47:11,034;814598
2022-11-10 16:47:11,268;814633
2022-11-10 16:47:12,112;814762
2022-11-10 16:47:12,503;814820
2022-11-10 16:47:15,143;815213
2022-11-10 16:47:23,190;816455
2022-11-10 16:47:24,393;816646
2022-11-10 16:47:30,159;817532
2022-11-10 16:47:31,362;817720
2022-11-10 16:47:34,894;818269
2022-11-10 16:47:37,425;818661
2022-11-10 16:47:38,800;818873
2022-11-10 16:47:39,566;818993
2022-11-10 16:47:45,784;819955
2022-11-10 16:47:54,987;821380
2022-11-10 16:47:56,347;821588
2022-11-10 16:47:58,597;821933
2022-11-10 16:48:02,952;822599
2022-11-10 16:48:09,428;823607
2022-11-10 16:48:09,912;823682
2022-11-10 16:48:11,256;823878
2022-11-10 16:48:13,662;824249
2022-11-10 16:48:14,069;824313
2022-11-10 16:48:14,240;824340
2022-11-10 16:48:17,631;824864
2022-11-10 16:48:22,412;825592
2022-11-10 16:48:23,162;825709
2022-11-10 16:48:25,444;826062
2022-11-10 16:48:27,084;826316
2022-11-10 16:48:28,912;826606
2022-11-10 16:48:37,881;827985
2022-11-10 16:48:41,069;828485
2022-11-10 16:48:48,288;829602
2022-11-10 16:48:53,647;830433
2022-11-10 16:48:54,913;830610
2022-11-10 16:48:56,272;830823
2022-11-10 16:48:58,616;831186
2022-11-10 16:49:00,336;831446
2022-11-10 16:49:08,399;832690
2022-11-10 16:49:09,805;832907
2022-11-10 16:49:13,336;833459
2022-11-10 16:49:16,102;833888
2022-11-10 16:49:18,891;834326
2022-11-10 16:49:30,618;836116
2022-11-10 16:49:31,071;836188
2022-11-10 16:49:32,899;836467
2022-11-10 16:49:38,493;837340
2022-11-10 16:49:40,899;837715
2022-11-10 16:49:43,212;838077
2022-11-10 16:49:46,509;838584
2022-11-10 16:49:52,817;839555
2022-11-10 16:50:00,918;840822
2022-11-10 16:50:04,325;841352
2022-11-10 16:50:04,840;841431
2022-11-10 16:50:06,653;841706
2022-11-10 16:50:07,450;841831
2022-11-10 16:50:09,028;842073
2022-11-10 16:50:09,575;842158
2022-11-10 16:50:22,012;844067
2022-11-10 16:50:25,450;844582
2022-11-10 16:50:29,388;845202
2022-11-10 16:50:36,388;846270
2022-11-10 16:50:36,763;846328
2022-11-10 16:50:43,669;847401
2022-11-10 16:50:47,638;848004
2022-11-10 16:50:49,231;848255
2022-11-10 16:50:50,450;848448
2022-11-10 16:51:06,638;850925
2022-11-10 16:51:09,592;851368
2022-11-10 16:51:10,451;851500
2022-11-10 16:51:11,013;851586
2022-11-10 16:51:12,404;851802
2022-11-10 16:51:23,857;853571
2022-11-10 16:51:28,857;854334
2022-11-10 16:51:30,201;854531
2022-11-10 16:51:33,529;855039
2022-11-10 16:51:36,342;855484
2022-11-10 16:51:40,503;856136
2022-11-10 16:51:44,081;856680
2022-11-10 16:51:44,347;856723
2022-11-10 16:51:44,878;856806
2022-11-10 16:51:46,706;857090
2022-11-10 16:51:48,300;857339
2022-11-10 16:51:49,347;857502
2022-11-10 16:51:51,300;857796
2022-11-10 16:51:53,456;858132
2022-11-10 16:51:56,284;858556
2022-11-10 16:52:03,062;859587
2022-11-10 16:52:05,098;859908
2022-11-10 16:52:14,288;861253
2022-11-10 16:52:15,975;861517
2022-11-10 16:52:17,428;861742
2022-11-10 16:52:19,678;862080
2022-11-10 16:52:21,600;862381
2022-11-10 16:52:22,116;862462
2022-11-10 16:52:24,053;862748
2022-11-10 16:52:50,571;866784
2022-11-10 16:53:12,618;870127
2022-11-10 16:53:13,055;870193
2022-11-10 16:53:28,377;872560
2022-11-10 16:53:41,236;874564
2022-11-10 16:53:47,799;875571
2022-11-10 16:53:52,392;876277
2022-11-10 16:53:52,877;876356
2022-11-10 16:54:02,021;877770
2022-11-10 16:54:04,711;878190
2022-11-10 16:54:20,946;880682
2022-11-10 16:54:23,711;881116
2022-11-10 16:54:32,479;882474
2022-11-10 16:54:35,229;882890
2022-11-10 16:54:42,682;884040
2022-11-10 16:54:43,072;884102
2022-11-10 16:54:49,901;885147
2022-11-10 16:54:50,494;885242
2022-11-10 16:54:55,635;886034
2022-11-10 16:54:57,963;886398
2022-11-10 16:55:03,428;887249
2022-11-10 16:55:06,397;887712
2022-11-10 16:55:08,525;888037
2022-11-10 16:55:11,961;888574
2022-11-10 16:55:12,868;888714
2022-11-10 16:55:23,915;890425
2022-11-10 16:55:26,883;890889
2022-11-10 16:55:34,696;892104
2022-11-10 16:55:42,189;893261
2022-11-10 16:55:42,471;893306
2022-11-10 16:55:44,993;893698
2022-11-10 16:55:45,196;893731
2022-11-10 16:55:45,681;893804
2022-11-10 16:55:48,946;894306
2022-11-10 16:55:54,149;895090
2022-11-10 16:55:55,852;895360
2022-11-10 16:55:57,977;895690
2022-11-10 16:56:00,255;896042
2022-11-10 16:56:00,739;896101
2022-11-10 16:56:02,426;896355
2022-11-10 16:56:04,098;896614
2022-11-10 16:56:07,255;897112
2022-11-10 16:56:10,005;897538
2022-11-10 16:56:11,380;897753
2022-11-10 16:56:12,192;897881
2022-11-10 16:56:12,364;897907
2022-11-10 16:56:14,630;898245
2022-11-10 16:56:17,161;898650
2022-11-10 16:56:19,239;898981
2022-11-10 16:56:20,895;899238
2022-11-10 16:56:22,333;899464
2022-11-10 16:56:23,020;899568
2022-11-10 16:56:25,036;899868
2022-11-10 16:56:29,005;900482
2022-11-10 16:56:51,552;903877
2022-11-10 16:56:51,833;903922
2022-11-10 16:56:52,505;904023
2022-11-10 16:56:56,457;904628
2022-11-10 16:56:58,020;904871
2022-11-10 16:57:09,208;906578
2022-11-10 16:57:11,223;906894
2022-11-10 16:57:12,645;907113
2022-11-10 16:57:13,427;907235
2022-11-10 16:57:16,708;907684
2022-11-10 16:57:18,770;908007
2022-11-10 16:57:26,052;909124
2022-11-10 16:57:47,302;912403
2022-11-10 16:57:49,224;912702
2022-11-10 16:58:09,272;915665
2022-11-10 16:58:11,303;915983
2022-11-10 16:58:19,162;917196
2022-11-10 16:58:21,662;917562
2022-11-10 16:58:22,725;917730
2022-11-10 16:58:34,631;919561
2022-11-10 16:58:40,225;920414
2022-11-10 16:58:40,960;920527
2022-11-10 16:58:42,960;920831
2022-11-10 16:58:43,210;920871
2022-11-10 16:58:47,944;921584
2022-11-10 16:58:54,897;922642
2022-11-10 16:58:56,600;922908
2022-11-10 16:58:58,085;923136
2022-11-10 16:59:03,645;923999
2022-11-10 16:59:19,931;926463
2022-11-10 16:59:20,353;926528
2022-11-10 16:59:22,056;926790
2022-11-10 16:59:29,681;927965
2022-11-10 16:59:30,696;928124
2022-11-10 16:59:37,259;929128
2022-11-10 16:59:42,134;929883
2022-11-10 16:59:46,431;930537
2022-11-10 16:59:47,228;930663
2022-11-10 16:59:47,415;930693
2022-11-10 16:59:50,491;931165
2022-11-10 16:59:53,491;931619
2022-11-10 16:59:54,725;931796
2022-11-10 16:59:56,413;932063
2022-11-10 17:00:02,018;932935
2022-11-10 17:00:04,518;933324
2022-11-10 17:00:05,393;933461
2022-11-10 17:00:06,674;933662
2022-11-10 17:00:12,081;934508
2022-11-10 17:00:20,440;935779
2022-11-10 17:00:20,815;935838
2022-11-10 17:00:22,690;936128
2022-11-10 17:00:25,848;936601
2022-11-10 17:00:27,567;936870
2022-11-10 17:00:42,801;939141
2022-11-10 17:00:46,817;939765
2022-11-10 17:00:48,457;940017
2022-11-10 17:00:56,145;941200
2022-11-10 17:01:02,012;942098
2022-11-10 17:01:03,653;942356
2022-11-10 17:01:06,098;942736
2022-11-10 17:01:06,895;942860
2022-11-10 17:01:07,801;942984
2022-11-10 17:01:09,411;943234
2022-11-10 17:01:14,833;944083
2022-11-10 17:01:18,661;944676
2022-11-10 17:01:21,551;945114
2022-11-10 17:01:25,239;945690
2022-11-10 17:01:30,458;946488
2022-11-10 17:01:36,515;947428
2022-11-10 17:01:45,162;948751
2022-11-10 17:01:47,959;949187
2022-11-10 17:01:51,350;949719
2022-11-10 17:01:56,522;950501
2022-11-10 17:01:59,803;951015
2022-11-10 17:02:06,788;952031
2022-11-10 17:02:06,975;952062
2022-11-10 17:02:09,928;952516
2022-11-10 17:02:10,194;952559
2022-11-10 17:02:13,467;953066
2022-11-10 17:02:14,702;953260
2022-11-10 17:02:17,054;953608
2022-11-10 17:02:18,570;953846
2022-11-10 17:02:21,726;954330
2022-11-10 17:02:40,007;957164
2022-11-10 17:02:44,429;957854
2022-11-10 17:02:48,835;958545
2022-11-10 17:03:04,490;960874
2022-11-10 17:03:10,101;961749
2022-11-10 17:03:17,711;962920
2022-11-10 17:03:18,070;962973
2022-11-10 17:03:21,164;963458
2022-11-10 17:03:25,977;964198
2022-11-10 17:03:30,024;964815
2022-11-10 17:03:30,883;964950
2022-11-10 17:03:31,071;964979
2022-11-10 17:03:31,946;965118
2022-11-10 17:03:39,883;966342
2022-11-10 17:03:53,477;968448
2022-11-10 17:03:55,165;968708
2022-11-10 17:03:59,631;969409
2022-11-10 17:04:04,495;970164
2022-11-10 17:04:06,573;970474
2022-11-10 17:04:10,432;971080
2022-11-10 17:04:20,073;972569
2022-11-10 17:04:21,151;972738
2022-11-10 17:04:21,541;972800
2022-11-10 17:04:22,541;972958
2022-11-10 17:04:28,432;973872
2022-11-10 17:04:29,432;974027
2022-11-10 17:04:31,776;974390
2022-11-10 17:04:35,170;974906
2022-11-10 17:04:36,217;975070
2022-11-10 17:04:41,061;975800
2022-11-10 17:04:42,358;975999
2022-11-10 17:04:43,717;976199
2022-11-10 17:04:47,467;976780
2022-11-10 17:04:54,342;977838
2022-11-10 17:04:57,014;978248
2022-11-10 17:04:57,295;978291
2022-11-10 17:04:57,498;978323
2022-11-10 17:04:58,639;978503
2022-11-10 17:04:59,842;978678
2022-11-10 17:05:05,733;979582
2022-11-10 17:05:07,718;979890
2022-11-10 17:05:08,911;980077
2022-11-10 17:05:11,005;980407
2022-11-10 17:05:11,365;980463
2022-11-10 17:05:20,083;981823
2022-11-10 17:05:20,333;981862
2022-11-10 17:05:25,927;982733
2022-11-10 17:05:29,427;983268
2022-11-10 17:05:29,787;983323
2022-11-10 17:05:33,708;983938
2022-11-10 17:05:37,115;984469
2022-11-10 17:05:45,022;985693
2022-11-10 17:05:55,490;987314
2022-11-10 17:05:55,662;987340
2022-11-10 17:06:10,757;989675
2022-11-10 17:06:15,554;990411
2022-11-10 17:06:15,882;990462
2022-11-10 17:06:16,866;990618
2022-11-10 17:06:18,069;990803
2022-11-10 17:06:22,163;991447
2022-11-10 17:06:29,366;992569
2022-11-10 17:06:36,335;993638
2022-11-10 17:06:39,944;994189
2022-11-10 17:06:40,554;994282
2022-11-10 17:06:41,272;994394
2022-11-10 17:06:49,210;995589
